<?xml version="1.0" encoding="UTF-8"?>
<testsuite name="com.bridglabz.MeasurementTest" tests="1" skipped="0" failures="0" errors="0" timestamp="2020-09-01T09:31:21" hostname="DESKTOP-GL7D8LT" time="0.006">
  <properties/>
  <testcase name="givenLength_whenCheckType_ShouldReturnTrue" classname="com.bridglabz.MeasurementTest" time="0.006"/>
  <system-out><![CDATA[]]></system-out>
  <system-err><![CDATA[]]></system-err>
</testsuite>
