<?xml version="1.0" encoding="UTF-8"?>
<testsuite name="com.bridglabz.QuantityMeasurementTest" tests="1" skipped="0" failures="0" errors="0" timestamp="2020-09-02T06:37:18" hostname="DESKTOP-GL7D8LT" time="13.476">
  <properties/>
  <testcase name="given2InchAnd5cmLength_whenCompareEqual_ShouldReturnEqual" classname="com.bridglabz.QuantityMeasurementTest" time="13.476"/>
  <system-out><![CDATA[]]></system-out>
  <system-err><![CDATA[]]></system-err>
</testsuite>
