<?xml version="1.0" encoding="UTF-8"?>
<testsuite name="com.bridglabz.MeasurementTest" tests="1" skipped="0" failures="0" errors="0" timestamp="2020-09-01T10:39:08" hostname="DESKTOP-GL7D8LT" time="0.002">
  <properties/>
  <testcase name="given1yardAnd36InchLength_whenCompareEqual_ShouldReturnTrue" classname="com.bridglabz.MeasurementTest" time="0.002"/>
  <system-out><![CDATA[]]></system-out>
  <system-err><![CDATA[]]></system-err>
</testsuite>
