<?xml version="1.0" encoding="UTF-8"?>
<testsuite name="com.bridglabz.QuantityMeasurementTest" tests="1" skipped="0" failures="0" errors="0" timestamp="2020-09-03T05:59:06" hostname="DESKTOP-GL7D8LT" time="40.059">
  <properties/>
  <testcase name="given2InchAnd2Inch_WhenAdded_ShouldReturn4Inch" classname="com.bridglabz.QuantityMeasurementTest" time="40.059"/>
  <system-out><![CDATA[]]></system-out>
  <system-err><![CDATA[]]></system-err>
</testsuite>
