<?xml version="1.0" encoding="UTF-8"?>
<testsuite name="com.bridglabz.QuantityMeasurementTest" tests="1" skipped="0" failures="0" errors="0" timestamp="2020-09-03T06:18:35" hostname="DESKTOP-GL7D8LT" time="0.055">
  <properties/>
  <testcase name="given1GallonAnd3point78Liter_WhenEqual_ShouldReturnEqual" classname="com.bridglabz.QuantityMeasurementTest" time="0.055"/>
  <system-out><![CDATA[]]></system-out>
  <system-err><![CDATA[]]></system-err>
</testsuite>
