<?xml version="1.0" encoding="UTF-8"?>
<testsuite name="com.bridglabz.QuantityMeasurementTest" tests="1" skipped="0" failures="0" errors="0" timestamp="2020-09-03T06:03:49" hostname="DESKTOP-GL7D8LT" time="0.006">
  <properties/>
  <testcase name="given1FeetAnd2Inch_WhenAdded_ShouldReturn14Inch" classname="com.bridglabz.QuantityMeasurementTest" time="0.006"/>
  <system-out><![CDATA[]]></system-out>
  <system-err><![CDATA[]]></system-err>
</testsuite>
