<?xml version="1.0" encoding="UTF-8"?>
<testsuite name="com.bridglabz.MeasurementTest" tests="19" skipped="0" failures="0" errors="0" timestamp="2020-09-02T06:17:52" hostname="DESKTOP-GL7D8LT" time="0.033">
  <properties/>
  <testcase name="given1FeetAnd12InchesLength_whenCompareEqual_ShouldReturnEqual" classname="com.bridglabz.MeasurementTest" time="0.003"/>
  <testcase name="given1YardAnd3FeetLength_whenCompareEqual_ShouldReturnTrue" classname="com.bridglabz.MeasurementTest" time="0.0"/>
  <testcase name="givenFeet_whenCheckTypeOfFeet_ShouldReturnEqual" classname="com.bridglabz.MeasurementTest" time="0.001"/>
  <testcase name="givenInch_whenCheckType_ShouldReturnEqual" classname="com.bridglabz.MeasurementTest" time="0.0"/>
  <testcase name="givenInch_whenCheckSameInch_ShouldReturnEqual" classname="com.bridglabz.MeasurementTest" time="0.0"/>
  <testcase name="given0FeetAnd0FeetLength_whenEqual_ShouldReturnEqual" classname="com.bridglabz.MeasurementTest" time="0.001"/>
  <testcase name="givenInch_whenCheckRefInch_ShouldReturnEqual" classname="com.bridglabz.MeasurementTest" time="0.0"/>
  <testcase name="given3FeetAnd1YardLength_whenCompareEqual_ShouldReturnEqual" classname="com.bridglabz.MeasurementTest" time="0.001"/>
  <testcase name="givenFeet_whenNullFeet_ShouldNotEqual" classname="com.bridglabz.MeasurementTest" time="0.001"/>
  <testcase name="given1yardAnd36InchLength_whenCompareEqual_ShouldReturnEqual" classname="com.bridglabz.MeasurementTest" time="0.001"/>
  <testcase name="given_whenFeetCheckSameFeet_ShouldReturnEqual" classname="com.bridglabz.MeasurementTest" time="0.0"/>
  <testcase name="given0InchAnd1InchLength_whenNotEqual_ShouldReturnNotEqual" classname="com.bridglabz.MeasurementTest" time="0.0"/>
  <testcase name="givenFeet_whenCheckRefFeet_ShouldReturnEqual" classname="com.bridglabz.MeasurementTest" time="0.001"/>
  <testcase name="given1InchAnd1YardLength_whenCompareNotEqual_ShouldReturnNotEqual" classname="com.bridglabz.MeasurementTest" time="0.002"/>
  <testcase name="givenInch_whenNullInch_ShouldReturnNotEqual" classname="com.bridglabz.MeasurementTest" time="0.0"/>
  <testcase name="given0InchAnd0InchLength_whenEqual_ShouldReturnEqual" classname="com.bridglabz.MeasurementTest" time="0.002"/>
  <testcase name="given0FeetAnd1FeetLength_whenNotEqual_ShouldReturnNotEqual" classname="com.bridglabz.MeasurementTest" time="0.001"/>
  <testcase name="given1FeetAnd1YardLength_whenCompareNotEqual_ShouldReturnNotEqual" classname="com.bridglabz.MeasurementTest" time="0.0"/>
  <testcase name="given36InchAnd1YardLength_whenCompareEqual_ShouldReturnEqual" classname="com.bridglabz.MeasurementTest" time="0.0"/>
  <system-out><![CDATA[]]></system-out>
  <system-err><![CDATA[]]></system-err>
</testsuite>
