<?xml version="1.0" encoding="UTF-8"?>
<testsuite name="com.bridglabz.QuantityMeasurementTest" tests="1" skipped="0" failures="0" errors="0" timestamp="2020-09-03T06:58:42" hostname="DESKTOP-GL7D8LT" time="0.005">
  <properties/>
  <testcase name="given1kgAnd1000grams_WhenCompare_ShouldReturnEqual" classname="com.bridglabz.QuantityMeasurementTest" time="0.005"/>
  <system-out><![CDATA[]]></system-out>
  <system-err><![CDATA[]]></system-err>
</testsuite>
